<html><head><title>Teradata Platform Log Messages</title> <style type="text/css"><!-- body, table {font-family: arial, sans-serif; font-size: small; color: #555555;}th {background: #ddd; text-align: left; border-left: 2px solid #eee;} th:nth-child(-n+5), td:nth-child(-n+5){white-space:nowrap;} td{ border-left: 2px solid #eee; border-bottom: 1px solid #eee;}--></style></head><body bgcolor="#FFFFFF" topmargin="6" leftmargin="6"><hr size="1" noshade><table wrap cellspacing="0" cellpadding="4" width="100%"><tr><th>Transaction Id</th><th>TD SessionId</th><th>Time</th><th>Thread Name</th><th>Level</th><th>Message</th><th>Stack Trace</th><th>Call Trace-Response</th></tr>
</table></body></html><html><head><title>Teradata Platform Log Messages</title> <style type="text/css"><!-- body, table {font-family: arial, sans-serif; font-size: small; color: #555555;}th {background: #ddd; text-align: left; border-left: 2px solid #eee;} th:nth-child(-n+5), td:nth-child(-n+5){white-space:nowrap;} td{ border-left: 2px solid #eee; border-bottom: 1px solid #eee;}--></style></head><body bgcolor="#FFFFFF" topmargin="6" leftmargin="6"><hr size="1" noshade><table wrap cellspacing="0" cellpadding="4" width="100%"><tr><th>Transaction Id</th><th>TD SessionId</th><th>Time</th><th>Thread Name</th><th>Level</th><th>Message</th><th>Stack Trace</th><th>Call Trace-Response</th></tr>
</table></body></html><html><head><title>Teradata Platform Log Messages</title> <style type="text/css"><!-- body, table {font-family: arial, sans-serif; font-size: small; color: #555555;}th {background: #ddd; text-align: left; border-left: 2px solid #eee;} th:nth-child(-n+5), td:nth-child(-n+5){white-space:nowrap;} td{ border-left: 2px solid #eee; border-bottom: 1px solid #eee;}--></style></head><body bgcolor="#FFFFFF" topmargin="6" leftmargin="6"><hr size="1" noshade><table wrap cellspacing="0" cellpadding="4" width="100%"><tr><th>Transaction Id</th><th>TD SessionId</th><th>Time</th><th>Thread Name</th><th>Level</th><th>Message</th><th>Stack Trace</th><th>Call Trace-Response</th></tr>
</table></body></html><html><head><title>Teradata Platform Log Messages</title> <style type="text/css"><!-- body, table {font-family: arial, sans-serif; font-size: small; color: #555555;}th {background: #ddd; text-align: left; border-left: 2px solid #eee;} th:nth-child(-n+5), td:nth-child(-n+5){white-space:nowrap;} td{ border-left: 2px solid #eee; border-bottom: 1px solid #eee;}--></style></head><body bgcolor="#FFFFFF" topmargin="6" leftmargin="6"><hr size="1" noshade><table wrap cellspacing="0" cellpadding="4" width="100%"><tr><th>Transaction Id</th><th>TD SessionId</th><th>Time</th><th>Thread Name</th><th>Level</th><th>Message</th><th>Stack Trace</th><th>Call Trace-Response</th></tr><html><head><title>Teradata Platform Log Messages</title> <style type="text/css"><!-- body, table {font-family: arial, sans-serif; font-size: small; color: #555555;}th {background: #ddd; text-align: left; border-left: 2px solid #eee;} th:nth-child(-n+5), td:nth-child(-n+5){white-space:nowrap;} td{ border-left: 2px solid #eee; border-bottom: 1px solid #eee;}--></style></head><body bgcolor="#FFFFFF" topmargin="6" leftmargin="6"><hr size="1" noshade><table wrap cellspacing="0" cellpadding="4" width="100%"><tr><th>Transaction Id</th><th>TD SessionId</th><th>Time</th><th>Thread Name</th><th>Level</th><th>Message</th><th>Stack Trace</th><th>Call Trace-Response</th></tr><html><head><title>Teradata Platform Log Messages</title> <style type="text/css"><!-- body, table {font-family: arial, sans-serif; font-size: small; color: #555555;}th {background: #ddd; text-align: left; border-left: 2px solid #eee;} th:nth-child(-n+5), td:nth-child(-n+5){white-space:nowrap;} td{ border-left: 2px solid #eee; border-bottom: 1px solid #eee;}--></style></head><body bgcolor="#FFFFFF" topmargin="6" leftmargin="6"><hr size="1" noshade><table wrap cellspacing="0" cellpadding="4" width="100%"><tr><th>Transaction Id</th><th>TD SessionId</th><th>Time</th><th>Thread Name</th><th>Level</th><th>Message</th><th>Stack Trace</th><th>Call Trace-Response</th></tr>
</table></body></html><html><head><title>Teradata Platform Log Messages</title> <style type="text/css"><!-- body, table {font-family: arial, sans-serif; font-size: small; color: #555555;}th {background: #ddd; text-align: left; border-left: 2px solid #eee;} th:nth-child(-n+5), td:nth-child(-n+5){white-space:nowrap;} td{ border-left: 2px solid #eee; border-bottom: 1px solid #eee;}--></style></head><body bgcolor="#FFFFFF" topmargin="6" leftmargin="6"><hr size="1" noshade><table wrap cellspacing="0" cellpadding="4" width="100%"><tr><th>Transaction Id</th><th>TD SessionId</th><th>Time</th><th>Thread Name</th><th>Level</th><th>Message</th><th>Stack Trace</th><th>Call Trace-Response</th></tr>
</table></body></html><html><head><title>Teradata Platform Log Messages</title> <style type="text/css"><!-- body, table {font-family: arial, sans-serif; font-size: small; color: #555555;}th {background: #ddd; text-align: left; border-left: 2px solid #eee;} th:nth-child(-n+5), td:nth-child(-n+5){white-space:nowrap;} td{ border-left: 2px solid #eee; border-bottom: 1px solid #eee;}--></style></head><body bgcolor="#FFFFFF" topmargin="6" leftmargin="6"><hr size="1" noshade><table wrap cellspacing="0" cellpadding="4" width="100%"><tr><th>Transaction Id</th><th>TD SessionId</th><th>Time</th><th>Thread Name</th><th>Level</th><th>Message</th><th>Stack Trace</th><th>Call Trace-Response</th></tr>
</table></body></html><html><head><title>Teradata Platform Log Messages</title> <style type="text/css"><!-- body, table {font-family: arial, sans-serif; font-size: small; color: #555555;}th {background: #ddd; text-align: left; border-left: 2px solid #eee;} th:nth-child(-n+5), td:nth-child(-n+5){white-space:nowrap;} td{ border-left: 2px solid #eee; border-bottom: 1px solid #eee;}--></style></head><body bgcolor="#FFFFFF" topmargin="6" leftmargin="6"><hr size="1" noshade><table wrap cellspacing="0" cellpadding="4" width="100%"><tr><th>Transaction Id</th><th>TD SessionId</th><th>Time</th><th>Thread Name</th><th>Level</th><th>Message</th><th>Stack Trace</th><th>Call Trace-Response</th></tr>
  <tr> <td> Unknown</td> <td> </td> <td> 05/04/2018 10:35:58:046</td> <td> Asynch Thread-1</td> <td> Exception</td> 
    <td>
Error in Method executeRequest(Persist.java): PLATFORM
[Teradata Database] [TeraJDBC 16.10.00.03] [Error 5628] [SQLState HY000] Column POSTAL_ADDR_MTCH_PRFL not found in MDM41.FM_PROFILE.
Context=Executing Query: [LOCKING ROW FOR ACCESS SELECT PROFILE_ID, PROFILE_NAME FROM FM_PROFILE WHERE PROFILE_NAME IN (POSTAL_ADDR_MTCH_PRFL);]
    </td>
    <td>com.teradata.platform.core.util.XcoreException: [Teradata Database] [TeraJDBC 16.10.00.03] [Error 5628] [SQLState HY000] Column POSTAL_ADDR_MTCH_PRFL not found in MDM41.FM_PROFILE.
Context=Executing Query: [LOCKING ROW FOR ACCESS SELECT PROFILE_ID, PROFILE_NAME FROM FM_PROFILE WHERE PROFILE_NAME IN (POSTAL_ADDR_MTCH_PRFL);]
	at com.teradata.platform.core.tool.Persist.executeRequest(Persist.java:259)
	at com.teradata.platform.core.xrules.misc.CommandStatement.execute(CommandStatement.java:127)
	at com.teradata.platform.core.xrules.RuleContext.execute(RuleContext.java:208)
	at com.teradata.platform.core.xrules.ActionContainerImpl.execute(ActionContainerImpl.java:58)
	at com.teradata.platform.core.xrules.ActionGroup.execute(ActionGroup.java:42)
	at com.teradata.platform.core.xrules.RuleContext.execute(RuleContext.java:208)
	at com.teradata.platform.core.xrules.ActionContainerImpl.execute(ActionContainerImpl.java:58)
	at com.teradata.platform.core.workflow.nodes.TaskNode.executeActions(TaskNode.java:93)
	at com.teradata.platform.core.workflow.nodes.TaskNode.execute(TaskNode.java:111)
	at com.teradata.platform.core.workflow.nodes.NextNode.execute(NextNode.java:74)
	at com.teradata.platform.core.workflow.nodes.NextNodes.execute(NextNodes.java:65)
	at com.teradata.platform.core.workflow.nodes.TaskNode.executeNextNodes(TaskNode.java:73)
	at com.teradata.platform.core.workflow.nodes.TaskNode.execute(TaskNode.java:118)
	at com.teradata.platform.core.workflow.nodes.AbstractEventNode.onEvent(AbstractEventNode.java:249)
	at com.teradata.platform.core.workflow.nodes.StartNode.onEvent(StartNode.java:95)
	at com.teradata.platform.core.workflow.WorkflowInstance.onEvent(WorkflowInstance.java:318)
	at com.teradata.platform.core.workflow.WorkflowInstance.start(WorkflowInstance.java:266)
	at com.teradata.platform.core.workflow.StartWorkflowCommand.execute(StartWorkflowCommand.java:71)
	at com.teradata.platform.core.tool.Persist.executeRequest(Persist.java:186)
	at com.teradata.platform.core.xrules.misc.CommandStatement.execute(CommandStatement.java:127)
	at com.teradata.platform.core.xrules.RuleContext.execute(RuleContext.java:208)
	at com.teradata.platform.core.xrules.ActionContainerImpl.execute(ActionContainerImpl.java:58)
	at com.teradata.platform.core.xrules.RuleStatement.execute(RuleStatement.java:50)
	at com.teradata.platform.core.xrules.RuleContext.execute(RuleContext.java:208)
	at com.teradata.platform.core.xrules.ActionContainerImpl.execute(ActionContainerImpl.java:58)
	at com.teradata.platform.core.xrules.RuleModuleImpl.execute(RuleModuleImpl.java:140)
	at com.teradata.platform.core.xrules.RuleContext.execute(RuleContext.java:208)
	at com.teradata.platform.core.xrules.RuleModuleImpl.execute(RuleModuleImpl.java:137)
	at com.teradata.platform.core.xrules.docext.RequestRuleModule.execute(RequestRuleModule.java:53)
	at com.teradata.platform.core.tool.Persist.executeRequest(Persist.java:186)
	at com.teradata.platform.core.xrules.misc.CommandStatement.execute(CommandStatement.java:127)
	at com.teradata.platform.core.xrules.RuleContext.execute(RuleContext.java:208)
	at com.teradata.platform.core.xrules.ActionContainerImpl.execute(ActionContainerImpl.java:58)
	at com.teradata.platform.core.xrules.RuleStatement.execute(RuleStatement.java:50)
	at com.teradata.platform.core.xrules.RuleContext.execute(RuleContext.java:208)
	at com.teradata.platform.core.xrules.ActionContainerImpl.execute(ActionContainerImpl.java:58)
	at com.teradata.platform.core.xrules.RuleModuleImpl.execute(RuleModuleImpl.java:140)
	at com.teradata.platform.core.xrules.RuleContext.execute(RuleContext.java:208)
	at com.teradata.platform.core.xrules.RuleModuleImpl.execute(RuleModuleImpl.java:137)
	at com.teradata.platform.core.xrules.docext.RequestRuleModule.execute(RequestRuleModule.java:53)
	at com.teradata.platform.core.tool.Persist.executeRequest(Persist.java:186)
	at com.teradata.platform.core.xserver.LocalRequestHandler.endNewRequest(LocalRequestHandler.java:324)
	at com.teradata.platform.core.xserver.LocalRequestHandler.request(LocalRequestHandler.java:211)
	at com.teradata.platform.core.xserver.LocalRequestHandler.request(LocalRequestHandler.java:176)
	at com.teradata.platform.core.net.SoapRequestHandler.request(SoapRequestHandler.java:41)
	at com.teradata.platform.core.net.RequestHandler.request(RequestHandler.java:21)
	at com.teradata.platform.core.xserver.AsynchXOperation.execute(AsynchXOperation.java:106)
	at com.teradata.platform.core.xserver.CompositeAsynchTask.execute(CompositeAsynchTask.java:34)
	at com.teradata.platform.core.net.util.RunnableTask.execute(RunnableTask.java:53)
	at com.teradata.platform.core.net.util.RunnableTask.run(RunnableTask.java:43)
	at java.lang.Thread.run(Unknown Source)
***********************  Xcore Trace *************************
com.teradata.platform.core.util.XcoreException: [Teradata Database] [TeraJDBC 16.10.00.03] [Error 5628] [SQLState HY000] Column POSTAL_ADDR_MTCH_PRFL not found in MDM41.FM_PROFILE.
Context=Executing Query: [LOCKING ROW FOR ACCESS SELECT PROFILE_ID, PROFILE_NAME FROM FM_PROFILE WHERE PROFILE_NAME IN (POSTAL_ADDR_MTCH_PRFL);]

    </td><td><br></td>
  </tr>
  <tr> <td> Unknown</td> <td> </td> <td> 05/04/2018 10:50:59:175</td> <td> Asynch Thread-4</td> <td> Exception</td> 
    <td>
Error in Method executeRequest(Persist.java): PLATFORM
[Teradata Database] [TeraJDBC 16.10.00.03] [Error 5628] [SQLState HY000] Column P_StrAddrMtchPrflNm not found in MDM41.FM_PROFILE.
Context=Executing Query: [LOCKING ROW FOR ACCESS SELECT PROFILE_ID, PROFILE_NAME FROM FM_PROFILE WHERE PROFILE_NAME IN (P_StrAddrMtchPrflNm)]
    </td>
    <td>com.teradata.platform.core.util.XcoreException: [Teradata Database] [TeraJDBC 16.10.00.03] [Error 5628] [SQLState HY000] Column P_StrAddrMtchPrflNm not found in MDM41.FM_PROFILE.
Context=Executing Query: [LOCKING ROW FOR ACCESS SELECT PROFILE_ID, PROFILE_NAME FROM FM_PROFILE WHERE PROFILE_NAME IN (P_StrAddrMtchPrflNm)]
	at com.teradata.platform.core.tool.Persist.executeRequest(Persist.java:259)
	at com.teradata.platform.core.xrules.misc.CommandStatement.execute(CommandStatement.java:127)
	at com.teradata.platform.core.xrules.RuleContext.execute(RuleContext.java:208)
	at com.teradata.platform.core.xrules.ActionContainerImpl.execute(ActionContainerImpl.java:58)
	at com.teradata.platform.core.xrules.ActionGroup.execute(ActionGroup.java:42)
	at com.teradata.platform.core.xrules.RuleContext.execute(RuleContext.java:208)
	at com.teradata.platform.core.xrules.ActionContainerImpl.execute(ActionContainerImpl.java:58)
	at com.teradata.platform.core.workflow.nodes.TaskNode.executeActions(TaskNode.java:93)
	at com.teradata.platform.core.workflow.nodes.TaskNode.execute(TaskNode.java:111)
	at com.teradata.platform.core.workflow.nodes.NextNode.execute(NextNode.java:74)
	at com.teradata.platform.core.workflow.nodes.NextNodes.execute(NextNodes.java:65)
	at com.teradata.platform.core.workflow.nodes.TaskNode.executeNextNodes(TaskNode.java:73)
	at com.teradata.platform.core.workflow.nodes.TaskNode.execute(TaskNode.java:118)
	at com.teradata.platform.core.workflow.nodes.AbstractEventNode.onEvent(AbstractEventNode.java:249)
	at com.teradata.platform.core.workflow.nodes.StartNode.onEvent(StartNode.java:95)
	at com.teradata.platform.core.workflow.WorkflowInstance.onEvent(WorkflowInstance.java:318)
	at com.teradata.platform.core.workflow.WorkflowInstance.start(WorkflowInstance.java:266)
	at com.teradata.platform.core.workflow.StartWorkflowCommand.execute(StartWorkflowCommand.java:71)
	at com.teradata.platform.core.tool.Persist.executeRequest(Persist.java:186)
	at com.teradata.platform.core.xrules.misc.CommandStatement.execute(CommandStatement.java:127)
	at com.teradata.platform.core.xrules.RuleContext.execute(RuleContext.java:208)
	at com.teradata.platform.core.xrules.ActionContainerImpl.execute(ActionContainerImpl.java:58)
	at com.teradata.platform.core.xrules.RuleStatement.execute(RuleStatement.java:50)
	at com.teradata.platform.core.xrules.RuleContext.execute(RuleContext.java:208)
	at com.teradata.platform.core.xrules.ActionContainerImpl.execute(ActionContainerImpl.java:58)
	at com.teradata.platform.core.xrules.RuleModuleImpl.execute(RuleModuleImpl.java:140)
	at com.teradata.platform.core.xrules.RuleContext.execute(RuleContext.java:208)
	at com.teradata.platform.core.xrules.RuleModuleImpl.execute(RuleModuleImpl.java:137)
	at com.teradata.platform.core.xrules.docext.RequestRuleModule.execute(RequestRuleModule.java:53)
	at com.teradata.platform.core.tool.Persist.executeRequest(Persist.java:186)
	at com.teradata.platform.core.xrules.misc.CommandStatement.execute(CommandStatement.java:127)
	at com.teradata.platform.core.xrules.RuleContext.execute(RuleContext.java:208)
	at com.teradata.platform.core.xrules.ActionContainerImpl.execute(ActionContainerImpl.java:58)
	at com.teradata.platform.core.xrules.RuleStatement.execute(RuleStatement.java:50)
	at com.teradata.platform.core.xrules.RuleContext.execute(RuleContext.java:208)
	at com.teradata.platform.core.xrules.ActionContainerImpl.execute(ActionContainerImpl.java:58)
	at com.teradata.platform.core.xrules.RuleModuleImpl.execute(RuleModuleImpl.java:140)
	at com.teradata.platform.core.xrules.RuleContext.execute(RuleContext.java:208)
	at com.teradata.platform.core.xrules.RuleModuleImpl.execute(RuleModuleImpl.java:137)
	at com.teradata.platform.core.xrules.docext.RequestRuleModule.execute(RequestRuleModule.java:53)
	at com.teradata.platform.core.tool.Persist.executeRequest(Persist.java:186)
	at com.teradata.platform.core.xserver.LocalRequestHandler.endNewRequest(LocalRequestHandler.java:324)
	at com.teradata.platform.core.xserver.LocalRequestHandler.request(LocalRequestHandler.java:211)
	at com.teradata.platform.core.xserver.LocalRequestHandler.request(LocalRequestHandler.java:176)
	at com.teradata.platform.core.net.SoapRequestHandler.request(SoapRequestHandler.java:41)
	at com.teradata.platform.core.net.RequestHandler.request(RequestHandler.java:21)
	at com.teradata.platform.core.xserver.AsynchXOperation.execute(AsynchXOperation.java:106)
	at com.teradata.platform.core.xserver.CompositeAsynchTask.execute(CompositeAsynchTask.java:34)
	at com.teradata.platform.core.net.util.RunnableTask.execute(RunnableTask.java:53)
	at com.teradata.platform.core.net.util.RunnableTask.run(RunnableTask.java:43)
	at java.lang.Thread.run(Unknown Source)
***********************  Xcore Trace *************************
com.teradata.platform.core.util.XcoreException: [Teradata Database] [TeraJDBC 16.10.00.03] [Error 5628] [SQLState HY000] Column P_StrAddrMtchPrflNm not found in MDM41.FM_PROFILE.
Context=Executing Query: [LOCKING ROW FOR ACCESS SELECT PROFILE_ID, PROFILE_NAME FROM FM_PROFILE WHERE PROFILE_NAME IN (P_StrAddrMtchPrflNm)]

    </td><td><br></td>
  </tr>
</table></body></html><html><head><title>Teradata Platform Log Messages</title> <style type="text/css"><!-- body, table {font-family: arial, sans-serif; font-size: small; color: #555555;}th {background: #ddd; text-align: left; border-left: 2px solid #eee;} th:nth-child(-n+5), td:nth-child(-n+5){white-space:nowrap;} td{ border-left: 2px solid #eee; border-bottom: 1px solid #eee;}--></style></head><body bgcolor="#FFFFFF" topmargin="6" leftmargin="6"><hr size="1" noshade><table wrap cellspacing="0" cellpadding="4" width="100%"><tr><th>Transaction Id</th><th>TD SessionId</th><th>Time</th><th>Thread Name</th><th>Level</th><th>Message</th><th>Stack Trace</th><th>Call Trace-Response</th></tr><html><head><title>Teradata Platform Log Messages</title> <style type="text/css"><!-- body, table {font-family: arial, sans-serif; font-size: small; color: #555555;}th {background: #ddd; text-align: left; border-left: 2px solid #eee;} th:nth-child(-n+5), td:nth-child(-n+5){white-space:nowrap;} td{ border-left: 2px solid #eee; border-bottom: 1px solid #eee;}--></style></head><body bgcolor="#FFFFFF" topmargin="6" leftmargin="6"><hr size="1" noshade><table wrap cellspacing="0" cellpadding="4" width="100%"><tr><th>Transaction Id</th><th>TD SessionId</th><th>Time</th><th>Thread Name</th><th>Level</th><th>Message</th><th>Stack Trace</th><th>Call Trace-Response</th></tr>
</table></body></html><html><head><title>Teradata Platform Log Messages</title> <style type="text/css"><!-- body, table {font-family: arial, sans-serif; font-size: small; color: #555555;}th {background: #ddd; text-align: left; border-left: 2px solid #eee;} th:nth-child(-n+5), td:nth-child(-n+5){white-space:nowrap;} td{ border-left: 2px solid #eee; border-bottom: 1px solid #eee;}--></style></head><body bgcolor="#FFFFFF" topmargin="6" leftmargin="6"><hr size="1" noshade><table wrap cellspacing="0" cellpadding="4" width="100%"><tr><th>Transaction Id</th><th>TD SessionId</th><th>Time</th><th>Thread Name</th><th>Level</th><th>Message</th><th>Stack Trace</th><th>Call Trace-Response</th></tr>
</table></body></html><html><head><title>Teradata Platform Log Messages</title> <style type="text/css"><!-- body, table {font-family: arial, sans-serif; font-size: small; color: #555555;}th {background: #ddd; text-align: left; border-left: 2px solid #eee;} th:nth-child(-n+5), td:nth-child(-n+5){white-space:nowrap;} td{ border-left: 2px solid #eee; border-bottom: 1px solid #eee;}--></style></head><body bgcolor="#FFFFFF" topmargin="6" leftmargin="6"><hr size="1" noshade><table wrap cellspacing="0" cellpadding="4" width="100%"><tr><th>Transaction Id</th><th>TD SessionId</th><th>Time</th><th>Thread Name</th><th>Level</th><th>Message</th><th>Stack Trace</th><th>Call Trace-Response</th></tr>
</table></body></html><html><head><title>Teradata Platform Log Messages</title> <style type="text/css"><!-- body, table {font-family: arial, sans-serif; font-size: small; color: #555555;}th {background: #ddd; text-align: left; border-left: 2px solid #eee;} th:nth-child(-n+5), td:nth-child(-n+5){white-space:nowrap;} td{ border-left: 2px solid #eee; border-bottom: 1px solid #eee;}--></style></head><body bgcolor="#FFFFFF" topmargin="6" leftmargin="6"><hr size="1" noshade><table wrap cellspacing="0" cellpadding="4" width="100%"><tr><th>Transaction Id</th><th>TD SessionId</th><th>Time</th><th>Thread Name</th><th>Level</th><th>Message</th><th>Stack Trace</th><th>Call Trace-Response</th></tr>
</table></body></html><html><head><title>Teradata Platform Log Messages</title> <style type="text/css"><!-- body, table {font-family: arial, sans-serif; font-size: small; color: #555555;}th {background: #ddd; text-align: left; border-left: 2px solid #eee;} th:nth-child(-n+5), td:nth-child(-n+5){white-space:nowrap;} td{ border-left: 2px solid #eee; border-bottom: 1px solid #eee;}--></style></head><body bgcolor="#FFFFFF" topmargin="6" leftmargin="6"><hr size="1" noshade><table wrap cellspacing="0" cellpadding="4" width="100%"><tr><th>Transaction Id</th><th>TD SessionId</th><th>Time</th><th>Thread Name</th><th>Level</th><th>Message</th><th>Stack Trace</th><th>Call Trace-Response</th></tr>
</table></body></html><html><head><title>Teradata Platform Log Messages</title> <style type="text/css"><!-- body, table {font-family: arial, sans-serif; font-size: small; color: #555555;}th {background: #ddd; text-align: left; border-left: 2px solid #eee;} th:nth-child(-n+5), td:nth-child(-n+5){white-space:nowrap;} td{ border-left: 2px solid #eee; border-bottom: 1px solid #eee;}--></style></head><body bgcolor="#FFFFFF" topmargin="6" leftmargin="6"><hr size="1" noshade><table wrap cellspacing="0" cellpadding="4" width="100%"><tr><th>Transaction Id</th><th>TD SessionId</th><th>Time</th><th>Thread Name</th><th>Level</th><th>Message</th><th>Stack Trace</th><th>Call Trace-Response</th></tr><html><head><title>Teradata Platform Log Messages</title> <style type="text/css"><!-- body, table {font-family: arial, sans-serif; font-size: small; color: #555555;}th {background: #ddd; text-align: left; border-left: 2px solid #eee;} th:nth-child(-n+5), td:nth-child(-n+5){white-space:nowrap;} td{ border-left: 2px solid #eee; border-bottom: 1px solid #eee;}--></style></head><body bgcolor="#FFFFFF" topmargin="6" leftmargin="6"><hr size="1" noshade><table wrap cellspacing="0" cellpadding="4" width="100%"><tr><th>Transaction Id</th><th>TD SessionId</th><th>Time</th><th>Thread Name</th><th>Level</th><th>Message</th><th>Stack Trace</th><th>Call Trace-Response</th></tr>
</table></body></html><html><head><title>Teradata Platform Log Messages</title> <style type="text/css"><!-- body, table {font-family: arial, sans-serif; font-size: small; color: #555555;}th {background: #ddd; text-align: left; border-left: 2px solid #eee;} th:nth-child(-n+5), td:nth-child(-n+5){white-space:nowrap;} td{ border-left: 2px solid #eee; border-bottom: 1px solid #eee;}--></style></head><body bgcolor="#FFFFFF" topmargin="6" leftmargin="6"><hr size="1" noshade><table wrap cellspacing="0" cellpadding="4" width="100%"><tr><th>Transaction Id</th><th>TD SessionId</th><th>Time</th><th>Thread Name</th><th>Level</th><th>Message</th><th>Stack Trace</th><th>Call Trace-Response</th></tr>
</table></body></html><html><head><title>Teradata Platform Log Messages</title> <style type="text/css"><!-- body, table {font-family: arial, sans-serif; font-size: small; color: #555555;}th {background: #ddd; text-align: left; border-left: 2px solid #eee;} th:nth-child(-n+5), td:nth-child(-n+5){white-space:nowrap;} td{ border-left: 2px solid #eee; border-bottom: 1px solid #eee;}--></style></head><body bgcolor="#FFFFFF" topmargin="6" leftmargin="6"><hr size="1" noshade><table wrap cellspacing="0" cellpadding="4" width="100%"><tr><th>Transaction Id</th><th>TD SessionId</th><th>Time</th><th>Thread Name</th><th>Level</th><th>Message</th><th>Stack Trace</th><th>Call Trace-Response</th></tr>
</table></body></html><html><head><title>Teradata Platform Log Messages</title> <style type="text/css"><!-- body, table {font-family: arial, sans-serif; font-size: small; color: #555555;}th {background: #ddd; text-align: left; border-left: 2px solid #eee;} th:nth-child(-n+5), td:nth-child(-n+5){white-space:nowrap;} td{ border-left: 2px solid #eee; border-bottom: 1px solid #eee;}--></style></head><body bgcolor="#FFFFFF" topmargin="6" leftmargin="6"><hr size="1" noshade><table wrap cellspacing="0" cellpadding="4" width="100%"><tr><th>Transaction Id</th><th>TD SessionId</th><th>Time</th><th>Thread Name</th><th>Level</th><th>Message</th><th>Stack Trace</th><th>Call Trace-Response</th></tr><html><head><title>Teradata Platform Log Messages</title> <style type="text/css"><!-- body, table {font-family: arial, sans-serif; font-size: small; color: #555555;}th {background: #ddd; text-align: left; border-left: 2px solid #eee;} th:nth-child(-n+5), td:nth-child(-n+5){white-space:nowrap;} td{ border-left: 2px solid #eee; border-bottom: 1px solid #eee;}--></style></head><body bgcolor="#FFFFFF" topmargin="6" leftmargin="6"><hr size="1" noshade><table wrap cellspacing="0" cellpadding="4" width="100%"><tr><th>Transaction Id</th><th>TD SessionId</th><th>Time</th><th>Thread Name</th><th>Level</th><th>Message</th><th>Stack Trace</th><th>Call Trace-Response</th></tr><html><head><title>Teradata Platform Log Messages</title> <style type="text/css"><!-- body, table {font-family: arial, sans-serif; font-size: small; color: #555555;}th {background: #ddd; text-align: left; border-left: 2px solid #eee;} th:nth-child(-n+5), td:nth-child(-n+5){white-space:nowrap;} td{ border-left: 2px solid #eee; border-bottom: 1px solid #eee;}--></style></head><body bgcolor="#FFFFFF" topmargin="6" leftmargin="6"><hr size="1" noshade><table wrap cellspacing="0" cellpadding="4" width="100%"><tr><th>Transaction Id</th><th>TD SessionId</th><th>Time</th><th>Thread Name</th><th>Level</th><th>Message</th><th>Stack Trace</th><th>Call Trace-Response</th></tr>